INFO:  latexindent.pl version 3.18, 2022-06-12, a script to indent .tex files
       latexindent.pl lives here: /usr/local/Cellar/latexindent/3.18_1/libexec/bin/
       Thu Oct 27 00:29:31 2022
       Filename: /Users/abdo/projects/FH/Bachelor-Thesis/thesis/chapters/introduction/__latexindent_temp.tex
INFO:  Processing switches:
       -y|--yaml: YAML settings specified via command line
       -c|--cruft: cruft directory
INFO:  Directory for backup files and /Users/abdo/projects/FH/Bachelor-Thesis/thesis//indent.log:
       /Users/abdo/projects/FH/Bachelor-Thesis/thesis/
INFO:  Perl modules are being loaded from the following directories:
       /usr/local/opt/perl/lib/perl5/5.36/FindBin.pm
       /usr/local/Cellar/latexindent/3.18_1/libexec/lib/perl5/YAML/Tiny.pm
       /usr/local/opt/perl/lib/perl5/5.36/File/Copy.pm
       /usr/local/opt/perl/lib/perl5/5.36/File/Basename.pm
       /usr/local/opt/perl/lib/perl5/5.36/Getopt/Long.pm
       /usr/local/Cellar/latexindent/3.18_1/libexec/lib/perl5/File/HomeDir.pm
INFO:  LatexIndent perl modules are being loaded from, for example:
       /usr/local/Cellar/latexindent/3.18_1/libexec/lib/perl5/LatexIndent/Document.pm
INFO:  YAML settings read: defaultSettings.yaml
       Reading defaultSettings.yaml from /usr/local/Cellar/latexindent/3.18_1/libexec/bin/defaultSettings.yaml
INFO:  YAML settings read: indentconfig.yaml or .indentconfig.yaml
       Home directory is /Users/abdo (didn't find either indentconfig.yaml or .indentconfig.yaml)
       To specify user settings you would put indentconfig.yaml here: /Users/abdo/indentconfig.yaml
       Alternatively, you can use the hidden file .indentconfig.yaml as: /Users/abdo/.indentconfig.yaml
INFO:  YAML settings read: -y switch
       YAML setting: defaultIndent:'    '
       single-quoted string found in -y switch: '    ', substitute to     
       Updating mainSettings with defaultIndent:     
INFO:  Phase 1: searching for objects
INFO:  Phase 2: finding surrounding indentation
INFO:  Phase 3: indenting objects
INFO:  Phase 4: final indentation check
INFO:  Output routine:
       Not outputting to file; see -w and -o switches for more options.
       --------------
INFO:  Please direct all communication/issues to:
        https://github.com/cmhughes/latexindent.pl
