\BOOKMARK [0][-]{chapter*.1}{\376\377\000D\000e\000c\000l\000a\000r\000a\000t\000i\000o\000n}{}% 1
\BOOKMARK [0][-]{chapter*.3}{\376\377\000P\000r\000e\000f\000a\000c\000e}{}% 2
\BOOKMARK [0][-]{chapter*.4}{\376\377\000A\000b\000s\000t\000r\000a\000c\000t}{}% 3
\BOOKMARK [0][-]{chapter*.5}{\376\377\000K\000u\000r\000z\000f\000a\000s\000s\000u\000n\000g}{}% 4
\BOOKMARK [0][-]{chapter.1}{\376\377\000I\000n\000t\000r\000o\000d\000u\000c\000t\000i\000o\000n}{}% 5
\BOOKMARK [1][-]{section.1.1}{\376\377\000M\000o\000t\000i\000v\000a\000t\000i\000o\000n}{chapter.1}% 6
\BOOKMARK [1][-]{section.1.2}{\376\377\000C\000h\000a\000l\000l\000e\000n\000g\000e\000s}{chapter.1}% 7
\BOOKMARK [1][-]{section.1.3}{\376\377\000G\000o\000a\000l\000s}{chapter.1}% 8
\BOOKMARK [0][-]{chapter.2}{\376\377\000R\000e\000l\000a\000t\000e\000d\000\040\000W\000o\000r\000k}{}% 9
\BOOKMARK [1][-]{section.2.1}{\376\377\000W\000e\000b\000G\000P\000U}{chapter.2}% 10
\BOOKMARK [1][-]{section.2.2}{\376\377\000W\000G\000S\000L}{chapter.2}% 11
\BOOKMARK [1][-]{section.2.3}{\376\377\000R\000u\000s\000t}{chapter.2}% 12
\BOOKMARK [1][-]{section.2.4}{\376\377\000w\000g\000p\000u}{chapter.2}% 13
\BOOKMARK [1][-]{section.2.5}{\376\377\000G\000r\000a\000p\000h\000i\000c\000\040\000A\000P\000I\000s}{chapter.2}% 14
\BOOKMARK [0][-]{chapter.3}{\376\377\000C\000o\000n\000c\000e\000p\000t}{}% 15
\BOOKMARK [1][-]{section.3.1}{\376\377\000S\000h\000a\000d\000e\000r\000s}{chapter.3}% 16
\BOOKMARK [1][-]{section.3.2}{\376\377\000G\000r\000a\000p\000h\000i\000c\000s\000\040\000P\000i\000p\000e\000l\000i\000n\000e}{chapter.3}% 17
\BOOKMARK [1][-]{section.3.3}{\376\377\0003\000D\000\040\000O\000b\000j\000e\000c\000t\000\040\000P\000r\000o\000j\000e\000c\000t\000i\000o\000n}{chapter.3}% 18
\BOOKMARK [1][-]{section.3.4}{\376\377\000L\000i\000g\000h\000t\000\040\000S\000o\000l\000u\000t\000i\000o\000n\000s}{chapter.3}% 19
\BOOKMARK [1][-]{section.3.5}{\376\377\000C\000o\000n\000t\000r\000o\000l\000s}{chapter.3}% 20
\BOOKMARK [1][-]{section.3.6}{\376\377\000T\000e\000x\000t\000u\000r\000e\000s}{chapter.3}% 21
\BOOKMARK [1][-]{section.3.7}{\376\377\000M\000a\000t\000e\000r\000i\000a\000l\000s}{chapter.3}% 22
\BOOKMARK [0][-]{chapter.4}{\376\377\000I\000m\000p\000l\000e\000m\000e\000n\000t\000a\000t\000i\000o\000n}{}% 23
\BOOKMARK [1][-]{section.4.1}{\376\377\000P\000r\000o\000g\000r\000a\000m\000m\000i\000n\000g\000\040\000L\000a\000n\000g\000u\000a\000g\000e\000s\000\040\000a\000n\000d\000\040\000T\000a\000r\000g\000e\000t\000\040\000P\000l\000a\000t\000f\000o\000r\000m\000s}{chapter.4}% 24
\BOOKMARK [1][-]{section.4.2}{\376\377\000L\000i\000b\000r\000a\000r\000i\000e\000s}{chapter.4}% 25
\BOOKMARK [0][-]{chapter.5}{\376\377\000R\000e\000s\000u\000l\000t\000s}{}% 26
\BOOKMARK [1][-]{section.5.1}{\376\377\000P\000e\000r\000f\000o\000r\000m\000a\000n\000c\000e}{chapter.5}% 27
\BOOKMARK [1][-]{section.5.2}{\376\377\000P\000o\000r\000t\000a\000b\000i\000l\000i\000t\000y}{chapter.5}% 28
\BOOKMARK [0][-]{chapter.6}{\376\377\000D\000i\000s\000c\000u\000s\000s\000i\000o\000n}{}% 29
\BOOKMARK [1][-]{section.6.1}{\376\377\000W\000h\000a\000t\000\040\000a\000r\000e\000\040\000t\000h\000e\000\040\000b\000e\000n\000e\000f\000i\000t\000s\000?}{chapter.6}% 30
\BOOKMARK [1][-]{section.6.2}{\376\377\000W\000h\000a\000t\000\040\000s\000h\000o\000r\000t\000c\000o\000m\000i\000n\000g\000s\000\040\000d\000o\000e\000s\000\040\000W\000e\000b\000G\000P\000U\000\040\000h\000a\000v\000e\000?}{chapter.6}% 31
\BOOKMARK [0][-]{chapter.7}{\376\377\000C\000o\000n\000l\000u\000s\000i\000o\000n}{}% 32
\BOOKMARK [1][-]{section.7.1}{\376\377\000S\000u\000m\000m\000a\000r\000y}{chapter.7}% 33
\BOOKMARK [1][-]{section.7.2}{\376\377\000F\000u\000t\000u\000r\000e\000\040\000W\000o\000r\000k}{chapter.7}% 34
\BOOKMARK [0][-]{chapter.8}{\376\377\000W\000r\000i\000t\000i\000n\000g\000\040\000a\000\040\000T\000h\000e\000s\000i\000s}{}% 35
\BOOKMARK [0][-]{chapter.9}{\376\377\000W\000o\000r\000k\000i\000n\000g\000\040\000w\000i\000t\000h\000\040\000L\000a\000T\000e\000X}{}% 36
\BOOKMARK [0][-]{chapter.10}{\376\377\000F\000i\000g\000u\000r\000e\000s\000,\000\040\000T\000a\000b\000l\000e\000s\000,\000\040\000S\000o\000u\000r\000c\000e\000\040\000C\000o\000d\000e}{}% 37
\BOOKMARK [0][-]{chapter.11}{\376\377\000M\000a\000t\000h\000e\000m\000a\000t\000i\000c\000a\000l\000\040\000E\000l\000e\000m\000e\000n\000t\000s}{}% 38
\BOOKMARK [0][-]{chapter.12}{\376\377\000U\000s\000i\000n\000g\000\040\000L\000i\000t\000e\000r\000a\000t\000u\000r\000e}{}% 39
\BOOKMARK [0][-]{chapter.13}{\376\377\000P\000r\000i\000n\000t\000i\000n\000g\000\040\000t\000h\000e\000\040\000M\000a\000n\000u\000s\000c\000r\000i\000p\000t}{}% 40
\BOOKMARK [0][-]{chapter.14}{\376\377\000C\000l\000o\000s\000i\000n\000g\000\040\000R\000e\000m\000a\000r\000k\000s}{}% 41
\BOOKMARK [0][-]{appendix.A}{\376\377\000T\000e\000c\000h\000n\000i\000c\000a\000l\000\040\000D\000e\000t\000a\000i\000l\000s}{}% 42
\BOOKMARK [0][-]{appendix.B}{\376\377\000S\000u\000p\000p\000l\000e\000m\000e\000n\000t\000a\000r\000y\000\040\000M\000a\000t\000e\000r\000i\000a\000l\000s}{}% 43
\BOOKMARK [1][-]{section.B.1}{\376\377\000P\000D\000F\000\040\000F\000i\000l\000e\000s}{appendix.B}% 44
\BOOKMARK [1][-]{section.B.2}{\376\377\000M\000e\000d\000i\000a\000\040\000F\000i\000l\000e\000s}{appendix.B}% 45
\BOOKMARK [1][-]{section.B.3}{\376\377\000O\000n\000l\000i\000n\000e\000\040\000S\000o\000u\000r\000c\000e\000s\000\040\000\050\000P\000D\000F\000\040\000C\000a\000p\000t\000u\000r\000e\000s\000\051}{appendix.B}% 46
\BOOKMARK [0][-]{appendix.C}{\376\377\000Q\000u\000e\000s\000t\000i\000o\000n\000n\000a\000i\000r\000e}{}% 47
\BOOKMARK [0][-]{appendix.D}{\376\377\000L\000a\000T\000e\000X\000\040\000S\000o\000u\000r\000c\000e\000\040\000C\000o\000d\000e}{}% 48
\BOOKMARK [0][-]{appendix*.6}{\376\377\000R\000e\000f\000e\000r\000e\000n\000c\000e\000s}{}% 49
\BOOKMARK [1][-]{section*.7}{\376\377\000L\000i\000t\000e\000r\000a\000t\000u\000r\000e}{appendix*.6}% 50
\BOOKMARK [1][-]{section*.8}{\376\377\000O\000n\000l\000i\000n\000e\000\040\000s\000o\000u\000r\000c\000e\000s}{appendix*.6}% 51
